Using pre-set license
Built from '2022.3/staging' branch; Version is '2022.3.55f1 (9f374180d209) revision 10434369'; Using compiler version '192829333'; Build Type 'Release'
OS: 'Windows 11  (10.0.22631) 64bit Professional' Language: 'en' Physical Memory: 32609 MB
BatchMode: 1, IsHumanControllingUs: 0, StartBugReporterOnCrash: 0, Is64bit: 1, IsPro: 1

COMMAND LINE ARGUMENTS:
C:\Program Files\Unity\Hub\Editor\2022.3.55f1\Editor\Unity.exe
-adb2
-batchMode
-noUpm
-name
AssetImportWorker2
-projectPath
C:/Users/Ben Roberts/Documents/UnityProjects/RPG
-logFile
Logs/AssetImportWorker2.log
-srvPort
53246
Successfully changed project path to: C:/Users/Ben Roberts/Documents/UnityProjects/RPG
C:/Users/Ben Roberts/Documents/UnityProjects/RPG
[UnityMemory] Configuration Parameters - Can be set up in boot.config
    "memorysetup-bucket-allocator-granularity=16"
    "memorysetup-bucket-allocator-bucket-count=8"
    "memorysetup-bucket-allocator-block-size=33554432"
    "memorysetup-bucket-allocator-block-count=8"
    "memorysetup-main-allocator-block-size=16777216"
    "memorysetup-thread-allocator-block-size=16777216"
    "memorysetup-gfx-main-allocator-block-size=16777216"
    "memorysetup-gfx-thread-allocator-block-size=16777216"
    "memorysetup-cache-allocator-block-size=4194304"
    "memorysetup-typetree-allocator-block-size=2097152"
    "memorysetup-profiler-bucket-allocator-granularity=16"
    "memorysetup-profiler-bucket-allocator-bucket-count=8"
    "memorysetup-profiler-bucket-allocator-block-size=33554432"
    "memorysetup-profiler-bucket-allocator-block-count=8"
    "memorysetup-profiler-allocator-block-size=16777216"
    "memorysetup-profiler-editor-allocator-block-size=1048576"
    "memorysetup-temp-allocator-size-main=16777216"
    "memorysetup-job-temp-allocator-block-size=2097152"
    "memorysetup-job-temp-allocator-block-size-background=1048576"
    "memorysetup-job-temp-allocator-reduction-small-platforms=262144"
    "memorysetup-allocator-temp-initial-block-size-main=262144"
    "memorysetup-allocator-temp-initial-block-size-worker=262144"
    "memorysetup-temp-allocator-size-background-worker=32768"
    "memorysetup-temp-allocator-size-job-worker=262144"
    "memorysetup-temp-allocator-size-preload-manager=33554432"
    "memorysetup-temp-allocator-size-nav-mesh-worker=65536"
    "memorysetup-temp-allocator-size-audio-worker=65536"
    "memorysetup-temp-allocator-size-cloud-worker=32768"
    "memorysetup-temp-allocator-size-gi-baking-worker=262144"
    "memorysetup-temp-allocator-size-gfx=262144"
Player connection [24932]  Target information:

Player connection [24932]  * "[IP] 10.101.2.167 [Port] 0 [Flags] 2 [Guid] 3041466568 [EditorId] 3041466568 [Version] 1048832 [Id] WindowsEditor(7,BRoberts) [Debug] 1 [PackageName] WindowsEditor [ProjectName] Editor" 

Player connection [24932] Host joined multi-casting on [225.0.0.222:54997]...
Player connection [24932] Host joined alternative multi-casting on [225.0.0.222:34997]...
[PhysX] Initialized MultithreadedTaskDispatcher with 24 workers.
Refreshing native plugins compatible for Editor in 0.68 ms, found 0 plugins.
Preloading 0 native plugins for Editor in 0.00 ms.
Initialize engine version: 2022.3.55f1 (9f374180d209)
[Subsystems] Discovering subsystems at path C:/Program Files/Unity/Hub/Editor/2022.3.55f1/Editor/Data/Resources/UnitySubsystems
[Subsystems] Discovering subsystems at path C:/Users/Ben Roberts/Documents/UnityProjects/RPG/Assets
GfxDevice: creating device client; threaded=0; jobified=0
Direct3D:
    Version:  Direct3D 11.0 [level 11.1]
    Renderer: NVIDIA GeForce RTX 3060 Ti (ID=0x2489)
    Vendor:   NVIDIA
    VRAM:     8024 MB
    Driver:   32.0.15.6603
Initialize mono
Mono path[0] = 'C:/Program Files/Unity/Hub/Editor/2022.3.55f1/Editor/Data/Managed'
Mono path[1] = 'C:/Program Files/Unity/Hub/Editor/2022.3.55f1/Editor/Data/MonoBleedingEdge/lib/mono/unityjit-win32'
Mono config path = 'C:/Program Files/Unity/Hub/Editor/2022.3.55f1/Editor/Data/MonoBleedingEdge/etc'
Using monoOptions --debugger-agent=transport=dt_socket,embedding=1,server=y,suspend=n,address=127.0.0.1:56272
Begin MonoManager ReloadAssembly
Registering precompiled unity dll's ...
Register platform support module: C:/Program Files/Unity/Hub/Editor/2022.3.55f1/Editor/Data/PlaybackEngines/WebGLSupport/UnityEditor.WebGL.Extensions.dll
Register platform support module: C:/Program Files/Unity/Hub/Editor/2022.3.55f1/Editor/Data/PlaybackEngines/WindowsStandaloneSupport/UnityEditor.WindowsStandalone.Extensions.dll
Register platform support module: C:/Program Files/Unity/Hub/Editor/2022.3.55f1/Editor/Data/PlaybackEngines/MetroSupport/UnityEditor.UWP.Extensions.dll
Registered in 0.005832 seconds.
- Loaded All Assemblies, in  0.223 seconds
Native extension for UWP target not found
Native extension for WindowsStandalone target not found
Native extension for WebGL target not found
Mono: successfully reloaded assembly
- Finished resetting the current domain, in  0.157 seconds
Domain Reload Profiling: 379ms
	BeginReloadAssembly (67ms)
		ExecutionOrderSort (0ms)
		DisableScriptedObjects (0ms)
		BackupInstance (0ms)
		ReleaseScriptingObjects (0ms)
		CreateAndSetChildDomain (0ms)
	RebuildCommonClasses (19ms)
	RebuildNativeTypeToScriptingClass (6ms)
	initialDomainReloadingComplete (38ms)
	LoadAllAssembliesAndSetupDomain (91ms)
		LoadAssemblies (66ms)
		RebuildTransferFunctionScriptingTraits (0ms)
		AnalyzeDomain (90ms)
			TypeCache.Refresh (89ms)
				TypeCache.ScanAssembly (80ms)
			ScanForSourceGeneratedMonoScriptInfo (0ms)
			ResolveRequiredComponents (0ms)
	FinalizeReload (157ms)
		ReleaseScriptCaches (0ms)
		RebuildScriptCaches (0ms)
		SetupLoadedEditorAssemblies (131ms)
			LogAssemblyErrors (0ms)
			InitializePlatformSupportModulesInManaged (8ms)
			SetLoadedEditorAssemblies (3ms)
			RefreshPlugins (0ms)
			BeforeProcessingInitializeOnLoad (1ms)
			ProcessInitializeOnLoadAttributes (92ms)
			ProcessInitializeOnLoadMethodAttributes (27ms)
			AfterProcessingInitializeOnLoad (0ms)
			EditorAssembliesLoaded (0ms)
		ExecutionOrderSort2 (0ms)
		AwakeInstancesAfterBackupRestoration (0ms)
========================================================================
Worker process is ready to serve import requests
Caller must complete domain reload
Begin MonoManager ReloadAssembly
- Loaded All Assemblies, in  0.236 seconds
Native extension for UWP target not found
Native extension for WindowsStandalone target not found
Native extension for WebGL target not found
[ScriptCompilation] NOT recompiling all scripts because this is an import worker process. Reason to compile was: Define symbols changed
Mono: successfully reloaded assembly
- Finished resetting the current domain, in  0.260 seconds
Domain Reload Profiling: 495ms
	BeginReloadAssembly (90ms)
		ExecutionOrderSort (0ms)
		DisableScriptedObjects (3ms)
		BackupInstance (0ms)
		ReleaseScriptingObjects (0ms)
		CreateAndSetChildDomain (13ms)
	RebuildCommonClasses (20ms)
	RebuildNativeTypeToScriptingClass (6ms)
	initialDomainReloadingComplete (24ms)
	LoadAllAssembliesAndSetupDomain (96ms)
		LoadAssemblies (124ms)
		RebuildTransferFunctionScriptingTraits (0ms)
		AnalyzeDomain (26ms)
			TypeCache.Refresh (20ms)
				TypeCache.ScanAssembly (14ms)
			ScanForSourceGeneratedMonoScriptInfo (4ms)
			ResolveRequiredComponents (1ms)
	FinalizeReload (260ms)
		ReleaseScriptCaches (0ms)
		RebuildScriptCaches (0ms)
		SetupLoadedEditorAssemblies (189ms)
			LogAssemblyErrors (0ms)
			InitializePlatformSupportModulesInManaged (5ms)
			SetLoadedEditorAssemblies (2ms)
			RefreshPlugins (0ms)
			BeforeProcessingInitializeOnLoad (26ms)
			ProcessInitializeOnLoadAttributes (138ms)
			ProcessInitializeOnLoadMethodAttributes (15ms)
			AfterProcessingInitializeOnLoad (4ms)
			EditorAssembliesLoaded (0ms)
		ExecutionOrderSort2 (0ms)
		AwakeInstancesAfterBackupRestoration (4ms)
Launched and connected shader compiler UnityShaderCompiler.exe after 0.03 seconds
Refreshing native plugins compatible for Editor in 0.36 ms, found 0 plugins.
Preloading 0 native plugins for Editor in 0.00 ms.
Unloading 1203 Unused Serialized files (Serialized files now loaded: 0)
Unloading 19 unused Assets / (1.7 MB). Loaded Objects now: 1673.
Memory consumption went from 91.4 MB to 89.7 MB.
Total: 3.232600 ms (FindLiveObjects: 0.275500 ms CreateObjectMapping: 0.062900 ms MarkObjects: 2.614900 ms  DeleteObjects: 0.277700 ms)

AssetImportParameters requested are different than current active one (requested -> active):
  custom:video-encoder-webm-vp8: eb34c28f22e8b96e1ab97ce403110664 -> 
  custom:video-decoder-webm-vp8: 9c59270c3fd7afecdb556c50c9e8de78 -> 
  custom:audio-decoder-ogg-vorbis: bf7c407c2cedff20999df2af8eb42d56 -> 
  custom:SearchIndexIgnoredProperties: e643bd26f0fe6173181afceb89e7c659 -> 
  custom:container-demuxer-ogg: 62fdf1f143b41e24485cea50d1cbac27 -> 
  custom:AudioImporter_EditorPlatform: d09bf68614088b80899f8185d706f6e7 -> 
  custom:CustomObjectIndexerAttribute: 9a22284fe3817be447336de3de66b15e -> 
  custom:container-demuxer-webm: 4f35f7cbe854078d1ac9338744f61a02 -> 
  custom:video-decoder-ogg-theora: a1e56fd34408186e4bbccfd4996cb3dc -> 
  custom:audio-encoder-webm-vorbis: bf7c407c2cedff20999df2af8eb42d56 -> 
  custom:framework-win-MediaFoundation: 216162199b28c13a410421893ffa2e32 -> 
  custom:container-muxer-webm: aa71ff27fc2769a1b78a27578f13a17b -> 
========================================================================
Received Import Request.
  Time since last request: 19125.286895 seconds.
  path: Assets/Art/Matthew Guz/Spell Area of Effect FREE/Materials/AoE Ice Storm/Base.mat
  artifactKey: Guid(699c20b72c0551d45b96ef87fcb62b46) Importer(815301076,1909f56bfc062723c751e8b465ee728b)
Start importing Assets/Art/Matthew Guz/Spell Area of Effect FREE/Materials/AoE Ice Storm/Base.mat using Guid(699c20b72c0551d45b96ef87fcb62b46) Importer(815301076,1909f56bfc062723c751e8b465ee728b) [PhysX] Initialized MultithreadedTaskDispatcher with 24 workers.
[PhysX] Initialized MultithreadedTaskDispatcher with 24 workers.
 -> (artifact id: 'c8487c6b16614da468042cc3a4936600') in 0.078911 seconds
Number of updated asset objects reloaded before import = 0
Number of asset objects unloaded after import = 2
========================================================================
Received Import Request.
  Time since last request: 0.426741 seconds.
  path: Assets/Art/Matthew Guz/Spell Area of Effect FREE/Materials/AoE Magic/Base.mat
  artifactKey: Guid(9c2c995361d6e23489e4c1f17292c3b5) Importer(815301076,1909f56bfc062723c751e8b465ee728b)
Start importing Assets/Art/Matthew Guz/Spell Area of Effect FREE/Materials/AoE Magic/Base.mat using Guid(9c2c995361d6e23489e4c1f17292c3b5) Importer(815301076,1909f56bfc062723c751e8b465ee728b) [PhysX] Initialized MultithreadedTaskDispatcher with 24 workers.
[PhysX] Initialized MultithreadedTaskDispatcher with 24 workers.
 -> (artifact id: 'ae3c65b2f8b8a2563adc87750cd29964') in 0.017979 seconds
Number of updated asset objects reloaded before import = 0
Number of asset objects unloaded after import = 2
========================================================================
Received Import Request.
  Time since last request: 1.208423 seconds.
  path: Assets/Art/Matthew Guz/Spell Area of Effect FREE/Materials/AoE Poison/Base.mat
  artifactKey: Guid(e54694cc125463b4ea39d5246e0a38db) Importer(815301076,1909f56bfc062723c751e8b465ee728b)
Start importing Assets/Art/Matthew Guz/Spell Area of Effect FREE/Materials/AoE Poison/Base.mat using Guid(e54694cc125463b4ea39d5246e0a38db) Importer(815301076,1909f56bfc062723c751e8b465ee728b) [PhysX] Initialized MultithreadedTaskDispatcher with 24 workers.
[PhysX] Initialized MultithreadedTaskDispatcher with 24 workers.
 -> (artifact id: 'c9954ab3fdc6d6deaf26cd2c02a87d74') in 0.012546 seconds
Number of updated asset objects reloaded before import = 0
Number of asset objects unloaded after import = 2
========================================================================
Received Import Request.
  Time since last request: 0.692155 seconds.
  path: Assets/Art/Matthew Guz/Spell Area of Effect FREE/Materials/AoE Stars/Base.mat
  artifactKey: Guid(475dc5ef1982bc446aaaf55f84adccf5) Importer(815301076,1909f56bfc062723c751e8b465ee728b)
Start importing Assets/Art/Matthew Guz/Spell Area of Effect FREE/Materials/AoE Stars/Base.mat using Guid(475dc5ef1982bc446aaaf55f84adccf5) Importer(815301076,1909f56bfc062723c751e8b465ee728b) [PhysX] Initialized MultithreadedTaskDispatcher with 24 workers.
[PhysX] Initialized MultithreadedTaskDispatcher with 24 workers.
 -> (artifact id: 'd082573cbeddf0d9e08fbe51551a3e37') in 0.005959 seconds
Number of updated asset objects reloaded before import = 0
Number of asset objects unloaded after import = 2
========================================================================
Received Import Request.
  Time since last request: 1788.148786 seconds.
  path: Assets/Art/Matthew Guz/Spell Area of Effect FREE/Textures
  artifactKey: Guid(8e48f74ff9dad534a940d00da2a66194) Importer(815301076,1909f56bfc062723c751e8b465ee728b)
Start importing Assets/Art/Matthew Guz/Spell Area of Effect FREE/Textures using Guid(8e48f74ff9dad534a940d00da2a66194) Importer(815301076,1909f56bfc062723c751e8b465ee728b) [PhysX] Initialized MultithreadedTaskDispatcher with 24 workers.
 -> (artifact id: '8335f84470fb1bedebc4a5782a4e64d9') in 0.000722 seconds
Number of updated asset objects reloaded before import = 0
Number of asset objects unloaded after import = 0
========================================================================
Received Import Request.
  Time since last request: 0.040103 seconds.
  path: Assets/Art/Matthew Guz/Spell Area of Effect FREE/Textures/2-Ank.png
  artifactKey: Guid(9690319231884db43959ee44e2773ebf) Importer(815301076,1909f56bfc062723c751e8b465ee728b)
Start importing Assets/Art/Matthew Guz/Spell Area of Effect FREE/Textures/2-Ank.png using Guid(9690319231884db43959ee44e2773ebf) Importer(815301076,1909f56bfc062723c751e8b465ee728b) [PhysX] Initialized MultithreadedTaskDispatcher with 24 workers.
[PhysX] Initialized MultithreadedTaskDispatcher with 24 workers.
 -> (artifact id: '545be40484e24c9c6a4b88efdeeeabfd') in 0.026312 seconds
Number of updated asset objects reloaded before import = 0
Number of asset objects unloaded after import = 2
========================================================================
Received Import Request.
  Time since last request: 0.001557 seconds.
  path: Assets/Art/Matthew Guz/Spell Area of Effect FREE/Textures/2-Crit_.tiff
  artifactKey: Guid(b4a4ea0174b013b49a47e00384e39a11) Importer(815301076,1909f56bfc062723c751e8b465ee728b)
Start importing Assets/Art/Matthew Guz/Spell Area of Effect FREE/Textures/2-Crit_.tiff using Guid(b4a4ea0174b013b49a47e00384e39a11) Importer(815301076,1909f56bfc062723c751e8b465ee728b) [PhysX] Initialized MultithreadedTaskDispatcher with 24 workers.
[PhysX] Initialized MultithreadedTaskDispatcher with 24 workers.
 -> (artifact id: '190dbe0b33a86fb4fd26e875a1bad0b5') in 0.015254 seconds
Number of updated asset objects reloaded before import = 0
Number of asset objects unloaded after import = 2
========================================================================
Received Import Request.
  Time since last request: 0.000030 seconds.
  path: Assets/Art/Matthew Guz/Spell Area of Effect FREE/Textures/2-Point.png
  artifactKey: Guid(3f85bd65a1d1ccf47bbc7f7a03017c14) Importer(815301076,1909f56bfc062723c751e8b465ee728b)
Start importing Assets/Art/Matthew Guz/Spell Area of Effect FREE/Textures/2-Point.png using Guid(3f85bd65a1d1ccf47bbc7f7a03017c14) Importer(815301076,1909f56bfc062723c751e8b465ee728b) [PhysX] Initialized MultithreadedTaskDispatcher with 24 workers.
[PhysX] Initialized MultithreadedTaskDispatcher with 24 workers.
 -> (artifact id: '6348d35cc5c3abc0454a1d972ce73425') in 0.015163 seconds
Number of updated asset objects reloaded before import = 0
Number of asset objects unloaded after import = 2
========================================================================
Received Import Request.
  Time since last request: 0.000019 seconds.
  path: Assets/Art/Matthew Guz/Spell Area of Effect FREE/Textures/2-Skull (1).png
  artifactKey: Guid(2388147ac92ccdf4daf05618d51fc4b9) Importer(815301076,1909f56bfc062723c751e8b465ee728b)
Start importing Assets/Art/Matthew Guz/Spell Area of Effect FREE/Textures/2-Skull (1).png using Guid(2388147ac92ccdf4daf05618d51fc4b9) Importer(815301076,1909f56bfc062723c751e8b465ee728b) [PhysX] Initialized MultithreadedTaskDispatcher with 24 workers.
[PhysX] Initialized MultithreadedTaskDispatcher with 24 workers.
 -> (artifact id: '3caf04d776738094c477a2950dcc71c0') in 0.013602 seconds
Number of updated asset objects reloaded before import = 0
Number of asset objects unloaded after import = 2
========================================================================
Received Import Request.
  Time since last request: 0.000022 seconds.
  path: Assets/Art/Matthew Guz/Spell Area of Effect FREE/Textures/2-Magic 3.png
  artifactKey: Guid(3c8f217d8b644e84785f0abe5d413a3b) Importer(815301076,1909f56bfc062723c751e8b465ee728b)
Start importing Assets/Art/Matthew Guz/Spell Area of Effect FREE/Textures/2-Magic 3.png using Guid(3c8f217d8b644e84785f0abe5d413a3b) Importer(815301076,1909f56bfc062723c751e8b465ee728b) [PhysX] Initialized MultithreadedTaskDispatcher with 24 workers.
[PhysX] Initialized MultithreadedTaskDispatcher with 24 workers.
 -> (artifact id: 'b1e694a4b1924ba9619eff1a10fa04bb') in 0.014342 seconds
Number of updated asset objects reloaded before import = 0
Number of asset objects unloaded after import = 2
========================================================================
Received Import Request.
  Time since last request: 0.000017 seconds.
  path: Assets/Art/Matthew Guz/Spell Area of Effect FREE/Textures/2-Magic 2.png
  artifactKey: Guid(020956a6e32322f448ed24656a100846) Importer(815301076,1909f56bfc062723c751e8b465ee728b)
Start importing Assets/Art/Matthew Guz/Spell Area of Effect FREE/Textures/2-Magic 2.png using Guid(020956a6e32322f448ed24656a100846) Importer(815301076,1909f56bfc062723c751e8b465ee728b) [PhysX] Initialized MultithreadedTaskDispatcher with 24 workers.
[PhysX] Initialized MultithreadedTaskDispatcher with 24 workers.
 -> (artifact id: 'ce2fa6e6bba6a102a11428c25bfc48c1') in 0.016292 seconds
Number of updated asset objects reloaded before import = 0
Number of asset objects unloaded after import = 2
========================================================================
Received Import Request.
  Time since last request: 0.000018 seconds.
  path: Assets/Art/Matthew Guz/Spell Area of Effect FREE/Textures/2-Sword  (1).png
  artifactKey: Guid(6e10404ed13ea3542910ff8ca74aa083) Importer(815301076,1909f56bfc062723c751e8b465ee728b)
Start importing Assets/Art/Matthew Guz/Spell Area of Effect FREE/Textures/2-Sword  (1).png using Guid(6e10404ed13ea3542910ff8ca74aa083) Importer(815301076,1909f56bfc062723c751e8b465ee728b) [PhysX] Initialized MultithreadedTaskDispatcher with 24 workers.
[PhysX] Initialized MultithreadedTaskDispatcher with 24 workers.
 -> (artifact id: '8dcc83d21b5c2036358e20186f5a079f') in 0.015644 seconds
Number of updated asset objects reloaded before import = 0
Number of asset objects unloaded after import = 2
========================================================================
Received Import Request.
  Time since last request: 0.000017 seconds.
  path: Assets/Art/Matthew Guz/Spell Area of Effect FREE/Textures/2-Shine.png
  artifactKey: Guid(c58454997bd71ca438c1e0f43afab6a0) Importer(815301076,1909f56bfc062723c751e8b465ee728b)
Start importing Assets/Art/Matthew Guz/Spell Area of Effect FREE/Textures/2-Shine.png using Guid(c58454997bd71ca438c1e0f43afab6a0) Importer(815301076,1909f56bfc062723c751e8b465ee728b) [PhysX] Initialized MultithreadedTaskDispatcher with 24 workers.
[PhysX] Initialized MultithreadedTaskDispatcher with 24 workers.
 -> (artifact id: '860c596007dc3c6a0a55c6a573d1a7a4') in 0.013418 seconds
Number of updated asset objects reloaded before import = 0
Number of asset objects unloaded after import = 2
========================================================================
Received Import Request.
  Time since last request: 0.000023 seconds.
  path: Assets/Art/Matthew Guz/Spell Area of Effect FREE/Textures/2-Impact.tiff
  artifactKey: Guid(969260d81704d2948825857f9ffa7297) Importer(815301076,1909f56bfc062723c751e8b465ee728b)
Start importing Assets/Art/Matthew Guz/Spell Area of Effect FREE/Textures/2-Impact.tiff using Guid(969260d81704d2948825857f9ffa7297) Importer(815301076,1909f56bfc062723c751e8b465ee728b) [PhysX] Initialized MultithreadedTaskDispatcher with 24 workers.
[PhysX] Initialized MultithreadedTaskDispatcher with 24 workers.
 -> (artifact id: '5def487ca8f157acc9f53035cca18955') in 0.012459 seconds
Number of updated asset objects reloaded before import = 0
Number of asset objects unloaded after import = 2
========================================================================
Received Import Request.
  Time since last request: 0.000017 seconds.
  path: Assets/Art/Matthew Guz/Spell Area of Effect FREE/Textures/2-Cra (1).png
  artifactKey: Guid(084d8a210181d764b8946a4f7e106feb) Importer(815301076,1909f56bfc062723c751e8b465ee728b)
Start importing Assets/Art/Matthew Guz/Spell Area of Effect FREE/Textures/2-Cra (1).png using Guid(084d8a210181d764b8946a4f7e106feb) Importer(815301076,1909f56bfc062723c751e8b465ee728b) [PhysX] Initialized MultithreadedTaskDispatcher with 24 workers.
[PhysX] Initialized MultithreadedTaskDispatcher with 24 workers.
 -> (artifact id: 'cfd1a63beaab8baa5f314be83af07829') in 0.013717 seconds
Number of updated asset objects reloaded before import = 0
Number of asset objects unloaded after import = 2
========================================================================
Received Import Request.
  Time since last request: 0.000020 seconds.
  path: Assets/Art/Matthew Guz/Spell Area of Effect FREE/Textures/2-Magic 4.png
  artifactKey: Guid(5542e6c4bfc140a42b9f2235df503c0a) Importer(815301076,1909f56bfc062723c751e8b465ee728b)
Start importing Assets/Art/Matthew Guz/Spell Area of Effect FREE/Textures/2-Magic 4.png using Guid(5542e6c4bfc140a42b9f2235df503c0a) Importer(815301076,1909f56bfc062723c751e8b465ee728b) [PhysX] Initialized MultithreadedTaskDispatcher with 24 workers.
[PhysX] Initialized MultithreadedTaskDispatcher with 24 workers.
 -> (artifact id: 'f4bd2ac81961523b367e497ccc127e9c') in 0.015283 seconds
Number of updated asset objects reloaded before import = 0
Number of asset objects unloaded after import = 2
========================================================================
Received Import Request.
  Time since last request: 0.000019 seconds.
  path: Assets/Art/Matthew Guz/Spell Area of Effect FREE/Textures/2-Smoke.tiff
  artifactKey: Guid(64cca0da6b72e7043bbc136e40ebdfec) Importer(815301076,1909f56bfc062723c751e8b465ee728b)
Start importing Assets/Art/Matthew Guz/Spell Area of Effect FREE/Textures/2-Smoke.tiff using Guid(64cca0da6b72e7043bbc136e40ebdfec) Importer(815301076,1909f56bfc062723c751e8b465ee728b) [PhysX] Initialized MultithreadedTaskDispatcher with 24 workers.
[PhysX] Initialized MultithreadedTaskDispatcher with 24 workers.
 -> (artifact id: '492365ba18ab94dd1b78040761aaed98') in 0.021850 seconds
Number of updated asset objects reloaded before import = 0
Number of asset objects unloaded after import = 2
========================================================================
Received Import Request.
  Time since last request: 0.000063 seconds.
  path: Assets/Art/Matthew Guz/Spell Area of Effect FREE/Textures/2-Shockwave 2.png
  artifactKey: Guid(1797bfe8852b6c442a0054bb1538998c) Importer(815301076,1909f56bfc062723c751e8b465ee728b)
Start importing Assets/Art/Matthew Guz/Spell Area of Effect FREE/Textures/2-Shockwave 2.png using Guid(1797bfe8852b6c442a0054bb1538998c) Importer(815301076,1909f56bfc062723c751e8b465ee728b) [PhysX] Initialized MultithreadedTaskDispatcher with 24 workers.
[PhysX] Initialized MultithreadedTaskDispatcher with 24 workers.
 -> (artifact id: '60aab1b79512142f0e2511f0b2e1a913') in 0.012333 seconds
Number of updated asset objects reloaded before import = 0
Number of asset objects unloaded after import = 2
========================================================================
Received Import Request.
  Time since last request: 0.000017 seconds.
  path: Assets/Art/Matthew Guz/Spell Area of Effect FREE/Textures/2-Glow_ (2).tiff
  artifactKey: Guid(338fbd4118274154ab10f316e8084438) Importer(815301076,1909f56bfc062723c751e8b465ee728b)
Start importing Assets/Art/Matthew Guz/Spell Area of Effect FREE/Textures/2-Glow_ (2).tiff using Guid(338fbd4118274154ab10f316e8084438) Importer(815301076,1909f56bfc062723c751e8b465ee728b) [PhysX] Initialized MultithreadedTaskDispatcher with 24 workers.
[PhysX] Initialized MultithreadedTaskDispatcher with 24 workers.
 -> (artifact id: 'be58d066604be2a2e1b55dc67831a2bd') in 0.013784 seconds
Number of updated asset objects reloaded before import = 0
Number of asset objects unloaded after import = 2
========================================================================
Received Import Request.
  Time since last request: 0.000017 seconds.
  path: Assets/Art/Matthew Guz/Spell Area of Effect FREE/Textures/2-Spark.png
  artifactKey: Guid(d772ec3b7d112054a874e33c910c46d8) Importer(815301076,1909f56bfc062723c751e8b465ee728b)
Start importing Assets/Art/Matthew Guz/Spell Area of Effect FREE/Textures/2-Spark.png using Guid(d772ec3b7d112054a874e33c910c46d8) Importer(815301076,1909f56bfc062723c751e8b465ee728b) [PhysX] Initialized MultithreadedTaskDispatcher with 24 workers.
[PhysX] Initialized MultithreadedTaskDispatcher with 24 workers.
 -> (artifact id: 'fd18ada5a4dd15eac2a29785feb062d1') in 0.014088 seconds
Number of updated asset objects reloaded before import = 0
Number of asset objects unloaded after import = 2
Editor requested this worker to shutdown with reason: Scaling down because of idle timeout
TcpMessagingSession - receive error: operation aborted. errorcode: 995, details: The I/O operation has been aborted because of either a thread exit or an application request.
AssetImportWorker is now disconnected from the server
Process exiting
Exiting without the bug reporter. Application will terminate with return code 0