Using pre-set license
Built from '2022.3/staging' branch; Version is '2022.3.55f1 (9f374180d209) revision 10434369'; Using compiler version '192829333'; Build Type 'Release'
OS: 'Windows 11  (10.0.22631) 64bit Professional' Language: 'en' Physical Memory: 32609 MB
BatchMode: 1, IsHumanControllingUs: 0, StartBugReporterOnCrash: 0, Is64bit: 1, IsPro: 1

COMMAND LINE ARGUMENTS:
C:\Program Files\Unity\Hub\Editor\2022.3.55f1\Editor\Unity.exe
-adb2
-batchMode
-noUpm
-name
AssetImportWorker0
-projectPath
C:/Users/Ben Roberts/Documents/UnityProjects/RPG
-logFile
Logs/AssetImportWorker0.log
-srvPort
53246
Successfully changed project path to: C:/Users/Ben Roberts/Documents/UnityProjects/RPG
C:/Users/Ben Roberts/Documents/UnityProjects/RPG
[UnityMemory] Configuration Parameters - Can be set up in boot.config
    "memorysetup-bucket-allocator-granularity=16"
    "memorysetup-bucket-allocator-bucket-count=8"
    "memorysetup-bucket-allocator-block-size=33554432"
    "memorysetup-bucket-allocator-block-count=8"
    "memorysetup-main-allocator-block-size=16777216"
    "memorysetup-thread-allocator-block-size=16777216"
    "memorysetup-gfx-main-allocator-block-size=16777216"
    "memorysetup-gfx-thread-allocator-block-size=16777216"
    "memorysetup-cache-allocator-block-size=4194304"
    "memorysetup-typetree-allocator-block-size=2097152"
    "memorysetup-profiler-bucket-allocator-granularity=16"
    "memorysetup-profiler-bucket-allocator-bucket-count=8"
    "memorysetup-profiler-bucket-allocator-block-size=33554432"
    "memorysetup-profiler-bucket-allocator-block-count=8"
    "memorysetup-profiler-allocator-block-size=16777216"
    "memorysetup-profiler-editor-allocator-block-size=1048576"
    "memorysetup-temp-allocator-size-main=16777216"
    "memorysetup-job-temp-allocator-block-size=2097152"
    "memorysetup-job-temp-allocator-block-size-background=1048576"
    "memorysetup-job-temp-allocator-reduction-small-platforms=262144"
    "memorysetup-allocator-temp-initial-block-size-main=262144"
    "memorysetup-allocator-temp-initial-block-size-worker=262144"
    "memorysetup-temp-allocator-size-background-worker=32768"
    "memorysetup-temp-allocator-size-job-worker=262144"
    "memorysetup-temp-allocator-size-preload-manager=33554432"
    "memorysetup-temp-allocator-size-nav-mesh-worker=65536"
    "memorysetup-temp-allocator-size-audio-worker=65536"
    "memorysetup-temp-allocator-size-cloud-worker=32768"
    "memorysetup-temp-allocator-size-gi-baking-worker=262144"
    "memorysetup-temp-allocator-size-gfx=262144"
Player connection [33352]  Target information:

Player connection [33352]  * "[IP] 10.101.2.167 [Port] 0 [Flags] 2 [Guid] 1170382510 [EditorId] 1170382510 [Version] 1048832 [Id] WindowsEditor(7,BRoberts) [Debug] 1 [PackageName] WindowsEditor [ProjectName] Editor" 

Player connection [33352] Host joined multi-casting on [225.0.0.222:54997]...
Player connection [33352] Host joined alternative multi-casting on [225.0.0.222:34997]...
[PhysX] Initialized MultithreadedTaskDispatcher with 24 workers.
Refreshing native plugins compatible for Editor in 0.59 ms, found 0 plugins.
Preloading 0 native plugins for Editor in 0.00 ms.
Initialize engine version: 2022.3.55f1 (9f374180d209)
[Subsystems] Discovering subsystems at path C:/Program Files/Unity/Hub/Editor/2022.3.55f1/Editor/Data/Resources/UnitySubsystems
[Subsystems] Discovering subsystems at path C:/Users/Ben Roberts/Documents/UnityProjects/RPG/Assets
GfxDevice: creating device client; threaded=0; jobified=0
Direct3D:
    Version:  Direct3D 11.0 [level 11.1]
    Renderer: NVIDIA GeForce RTX 3060 Ti (ID=0x2489)
    Vendor:   NVIDIA
    VRAM:     8024 MB
    Driver:   32.0.15.6603
Initialize mono
Mono path[0] = 'C:/Program Files/Unity/Hub/Editor/2022.3.55f1/Editor/Data/Managed'
Mono path[1] = 'C:/Program Files/Unity/Hub/Editor/2022.3.55f1/Editor/Data/MonoBleedingEdge/lib/mono/unityjit-win32'
Mono config path = 'C:/Program Files/Unity/Hub/Editor/2022.3.55f1/Editor/Data/MonoBleedingEdge/etc'
Using monoOptions --debugger-agent=transport=dt_socket,embedding=1,server=y,suspend=n,address=127.0.0.1:56200
Begin MonoManager ReloadAssembly
Registering precompiled unity dll's ...
Register platform support module: C:/Program Files/Unity/Hub/Editor/2022.3.55f1/Editor/Data/PlaybackEngines/WebGLSupport/UnityEditor.WebGL.Extensions.dll
Register platform support module: C:/Program Files/Unity/Hub/Editor/2022.3.55f1/Editor/Data/PlaybackEngines/WindowsStandaloneSupport/UnityEditor.WindowsStandalone.Extensions.dll
Register platform support module: C:/Program Files/Unity/Hub/Editor/2022.3.55f1/Editor/Data/PlaybackEngines/MetroSupport/UnityEditor.UWP.Extensions.dll
Registered in 0.006283 seconds.
- Loaded All Assemblies, in  0.237 seconds
Native extension for UWP target not found
Native extension for WindowsStandalone target not found
Native extension for WebGL target not found
Mono: successfully reloaded assembly
- Finished resetting the current domain, in  0.165 seconds
Domain Reload Profiling: 400ms
	BeginReloadAssembly (72ms)
		ExecutionOrderSort (0ms)
		DisableScriptedObjects (0ms)
		BackupInstance (0ms)
		ReleaseScriptingObjects (0ms)
		CreateAndSetChildDomain (0ms)
	RebuildCommonClasses (21ms)
	RebuildNativeTypeToScriptingClass (6ms)
	initialDomainReloadingComplete (39ms)
	LoadAllAssembliesAndSetupDomain (97ms)
		LoadAssemblies (71ms)
		RebuildTransferFunctionScriptingTraits (0ms)
		AnalyzeDomain (95ms)
			TypeCache.Refresh (94ms)
				TypeCache.ScanAssembly (85ms)
			ScanForSourceGeneratedMonoScriptInfo (0ms)
			ResolveRequiredComponents (0ms)
	FinalizeReload (165ms)
		ReleaseScriptCaches (0ms)
		RebuildScriptCaches (0ms)
		SetupLoadedEditorAssemblies (137ms)
			LogAssemblyErrors (0ms)
			InitializePlatformSupportModulesInManaged (8ms)
			SetLoadedEditorAssemblies (3ms)
			RefreshPlugins (0ms)
			BeforeProcessingInitializeOnLoad (1ms)
			ProcessInitializeOnLoadAttributes (97ms)
			ProcessInitializeOnLoadMethodAttributes (28ms)
			AfterProcessingInitializeOnLoad (0ms)
			EditorAssembliesLoaded (0ms)
		ExecutionOrderSort2 (0ms)
		AwakeInstancesAfterBackupRestoration (0ms)
========================================================================
Worker process is ready to serve import requests
Caller must complete domain reload
Begin MonoManager ReloadAssembly
- Loaded All Assemblies, in  0.254 seconds
Native extension for UWP target not found
Native extension for WindowsStandalone target not found
Native extension for WebGL target not found
[ScriptCompilation] NOT recompiling all scripts because this is an import worker process. Reason to compile was: Define symbols changed
Mono: successfully reloaded assembly
- Finished resetting the current domain, in  0.250 seconds
Domain Reload Profiling: 503ms
	BeginReloadAssembly (99ms)
		ExecutionOrderSort (0ms)
		DisableScriptedObjects (3ms)
		BackupInstance (0ms)
		ReleaseScriptingObjects (0ms)
		CreateAndSetChildDomain (15ms)
	RebuildCommonClasses (21ms)
	RebuildNativeTypeToScriptingClass (6ms)
	initialDomainReloadingComplete (25ms)
	LoadAllAssembliesAndSetupDomain (102ms)
		LoadAssemblies (135ms)
		RebuildTransferFunctionScriptingTraits (0ms)
		AnalyzeDomain (26ms)
			TypeCache.Refresh (20ms)
				TypeCache.ScanAssembly (14ms)
			ScanForSourceGeneratedMonoScriptInfo (4ms)
			ResolveRequiredComponents (1ms)
	FinalizeReload (250ms)
		ReleaseScriptCaches (0ms)
		RebuildScriptCaches (0ms)
		SetupLoadedEditorAssemblies (174ms)
			LogAssemblyErrors (0ms)
			InitializePlatformSupportModulesInManaged (5ms)
			SetLoadedEditorAssemblies (2ms)
			RefreshPlugins (0ms)
			BeforeProcessingInitializeOnLoad (27ms)
			ProcessInitializeOnLoadAttributes (119ms)
			ProcessInitializeOnLoadMethodAttributes (16ms)
			AfterProcessingInitializeOnLoad (4ms)
			EditorAssembliesLoaded (0ms)
		ExecutionOrderSort2 (0ms)
		AwakeInstancesAfterBackupRestoration (4ms)
Launched and connected shader compiler UnityShaderCompiler.exe after 0.03 seconds
Refreshing native plugins compatible for Editor in 0.64 ms, found 0 plugins.
Preloading 0 native plugins for Editor in 0.00 ms.
Unloading 1203 Unused Serialized files (Serialized files now loaded: 0)
Unloading 19 unused Assets / (1.7 MB). Loaded Objects now: 1673.
Memory consumption went from 91.4 MB to 89.7 MB.
Total: 4.276600 ms (FindLiveObjects: 0.155800 ms CreateObjectMapping: 0.082500 ms MarkObjects: 3.482800 ms  DeleteObjects: 0.553100 ms)

AssetImportParameters requested are different than current active one (requested -> active):
  custom:video-encoder-webm-vp8: eb34c28f22e8b96e1ab97ce403110664 -> 
  custom:video-decoder-webm-vp8: 9c59270c3fd7afecdb556c50c9e8de78 -> 
  custom:audio-decoder-ogg-vorbis: bf7c407c2cedff20999df2af8eb42d56 -> 
  custom:SearchIndexIgnoredProperties: e643bd26f0fe6173181afceb89e7c659 -> 
  custom:container-demuxer-ogg: 62fdf1f143b41e24485cea50d1cbac27 -> 
  custom:AudioImporter_EditorPlatform: d09bf68614088b80899f8185d706f6e7 -> 
  custom:CustomObjectIndexerAttribute: 9a22284fe3817be447336de3de66b15e -> 
  custom:container-demuxer-webm: 4f35f7cbe854078d1ac9338744f61a02 -> 
  custom:video-decoder-ogg-theora: a1e56fd34408186e4bbccfd4996cb3dc -> 
  custom:audio-encoder-webm-vorbis: bf7c407c2cedff20999df2af8eb42d56 -> 
  custom:framework-win-MediaFoundation: 216162199b28c13a410421893ffa2e32 -> 
  custom:container-muxer-webm: aa71ff27fc2769a1b78a27578f13a17b -> 
========================================================================
Received Import Request.
  Time since last request: 19108.709179 seconds.
  path: Assets/Matthew Guz/Spell Area of Effect FREE
  artifactKey: Guid(11e484c9981e0684d904b17af08f5698) Importer(815301076,1909f56bfc062723c751e8b465ee728b)
Start importing Assets/Matthew Guz/Spell Area of Effect FREE using Guid(11e484c9981e0684d904b17af08f5698) Importer(815301076,1909f56bfc062723c751e8b465ee728b) [PhysX] Initialized MultithreadedTaskDispatcher with 24 workers.
 -> (artifact id: '6be46fbb5b638772af0df91957e8c978') in 0.004538 seconds
Number of updated asset objects reloaded before import = 0
Number of asset objects unloaded after import = 0
========================================================================
Received Import Request.
  Time since last request: 13.754231 seconds.
  path: Assets/Art/Matthew Guz/Spell Area of Effect FREE/Prefab
  artifactKey: Guid(d0f45f50aac4813448b08ced687e8d15) Importer(815301076,1909f56bfc062723c751e8b465ee728b)
Start importing Assets/Art/Matthew Guz/Spell Area of Effect FREE/Prefab using Guid(d0f45f50aac4813448b08ced687e8d15) Importer(815301076,1909f56bfc062723c751e8b465ee728b) [PhysX] Initialized MultithreadedTaskDispatcher with 24 workers.
 -> (artifact id: '193f69cb51c3bdaef384cdf2d51e436b') in 0.000426 seconds
Number of updated asset objects reloaded before import = 0
Number of asset objects unloaded after import = 0
========================================================================
Received Import Request.
  Time since last request: 0.043554 seconds.
  path: Assets/Art/Matthew Guz/Spell Area of Effect FREE/Prefab/AoE Holy Sword.prefab
  artifactKey: Guid(471430dca40f907499aac08fe5b5bb09) Importer(815301076,1909f56bfc062723c751e8b465ee728b)
Start importing Assets/Art/Matthew Guz/Spell Area of Effect FREE/Prefab/AoE Holy Sword.prefab using Guid(471430dca40f907499aac08fe5b5bb09) Importer(815301076,1909f56bfc062723c751e8b465ee728b) [PhysX] Initialized MultithreadedTaskDispatcher with 24 workers.
[PhysX] Initialized MultithreadedTaskDispatcher with 24 workers.
 -> (artifact id: '45a057261d7d935088ff8c453b2c8bdb') in 0.136811 seconds
Number of updated asset objects reloaded before import = 0
Number of asset objects unloaded after import = 42
========================================================================
Received Import Request.
  Time since last request: 0.000020 seconds.
  path: Assets/Art/Matthew Guz/Spell Area of Effect FREE/Prefab/AoE Stars.prefab
  artifactKey: Guid(6f692cd2d2d5eb84ab790976eccc0bae) Importer(815301076,1909f56bfc062723c751e8b465ee728b)
Start importing Assets/Art/Matthew Guz/Spell Area of Effect FREE/Prefab/AoE Stars.prefab using Guid(6f692cd2d2d5eb84ab790976eccc0bae) Importer(815301076,1909f56bfc062723c751e8b465ee728b) [PhysX] Initialized MultithreadedTaskDispatcher with 24 workers.
[PhysX] Initialized MultithreadedTaskDispatcher with 24 workers.
 -> (artifact id: '7b40f5bb523f104a8818d2fb659322a5') in 0.029202 seconds
Number of updated asset objects reloaded before import = 0
Number of asset objects unloaded after import = 49
========================================================================
Received Import Request.
  Time since last request: 1.085065 seconds.
  path: Assets/Art/Matthew Guz/Spell Area of Effect FREE/Materials/AoE Holy Sword/Base.mat
  artifactKey: Guid(141dd4e675655664db2d63adefcd15aa) Importer(815301076,1909f56bfc062723c751e8b465ee728b)
Start importing Assets/Art/Matthew Guz/Spell Area of Effect FREE/Materials/AoE Holy Sword/Base.mat using Guid(141dd4e675655664db2d63adefcd15aa) Importer(815301076,1909f56bfc062723c751e8b465ee728b) [PhysX] Initialized MultithreadedTaskDispatcher with 24 workers.
[PhysX] Initialized MultithreadedTaskDispatcher with 24 workers.
 -> (artifact id: '45acf02676e5a4ed4abde2bf38b8942a') in 0.023574 seconds
Number of updated asset objects reloaded before import = 0
Number of asset objects unloaded after import = 2
========================================================================
Received Import Request.
  Time since last request: 1792.131026 seconds.
  path: Assets/Art/Matthew Guz/Spell Area of Effect FREE/Textures/2-Base.png
  artifactKey: Guid(7b27e32f64ece6c4c841542a424483b1) Importer(815301076,1909f56bfc062723c751e8b465ee728b)
Start importing Assets/Art/Matthew Guz/Spell Area of Effect FREE/Textures/2-Base.png using Guid(7b27e32f64ece6c4c841542a424483b1) Importer(815301076,1909f56bfc062723c751e8b465ee728b) [PhysX] Initialized MultithreadedTaskDispatcher with 24 workers.
[PhysX] Initialized MultithreadedTaskDispatcher with 24 workers.
 -> (artifact id: '3509f54eae74f5a89d9574f892e3ebaa') in 0.025400 seconds
Number of updated asset objects reloaded before import = 0
Number of asset objects unloaded after import = 2
========================================================================
Received Import Request.
  Time since last request: 0.001568 seconds.
  path: Assets/Art/Matthew Guz/Spell Area of Effect FREE/Textures/2-Gradient2.png
  artifactKey: Guid(26f2784c1a8ea0346a069979f9652566) Importer(815301076,1909f56bfc062723c751e8b465ee728b)
Start importing Assets/Art/Matthew Guz/Spell Area of Effect FREE/Textures/2-Gradient2.png using Guid(26f2784c1a8ea0346a069979f9652566) Importer(815301076,1909f56bfc062723c751e8b465ee728b) [PhysX] Initialized MultithreadedTaskDispatcher with 24 workers.
[PhysX] Initialized MultithreadedTaskDispatcher with 24 workers.
 -> (artifact id: 'ba9bc8e24d38a9112905116b149fafaa') in 0.015413 seconds
Number of updated asset objects reloaded before import = 0
Number of asset objects unloaded after import = 2
========================================================================
Received Import Request.
  Time since last request: 0.000022 seconds.
  path: Assets/Art/Matthew Guz/Spell Area of Effect FREE/Textures/2-Skull.png
  artifactKey: Guid(7e9b716197d8cfb479fb60124aeaa031) Importer(815301076,1909f56bfc062723c751e8b465ee728b)
Start importing Assets/Art/Matthew Guz/Spell Area of Effect FREE/Textures/2-Skull.png using Guid(7e9b716197d8cfb479fb60124aeaa031) Importer(815301076,1909f56bfc062723c751e8b465ee728b) [PhysX] Initialized MultithreadedTaskDispatcher with 24 workers.
[PhysX] Initialized MultithreadedTaskDispatcher with 24 workers.
 -> (artifact id: '6593af8804e369ed5ed4d2ca71e00962') in 0.015018 seconds
Number of updated asset objects reloaded before import = 0
Number of asset objects unloaded after import = 2
========================================================================
Received Import Request.
  Time since last request: 0.000029 seconds.
  path: Assets/Art/Matthew Guz/Spell Area of Effect FREE/Textures/2-Star_.png
  artifactKey: Guid(7346e777ae5c79f4aa89ce4eb09640ac) Importer(815301076,1909f56bfc062723c751e8b465ee728b)
Start importing Assets/Art/Matthew Guz/Spell Area of Effect FREE/Textures/2-Star_.png using Guid(7346e777ae5c79f4aa89ce4eb09640ac) Importer(815301076,1909f56bfc062723c751e8b465ee728b) [PhysX] Initialized MultithreadedTaskDispatcher with 24 workers.
[PhysX] Initialized MultithreadedTaskDispatcher with 24 workers.
 -> (artifact id: '74a62e753c9422546780174f7c7f77bc') in 0.013776 seconds
Number of updated asset objects reloaded before import = 0
Number of asset objects unloaded after import = 2
========================================================================
Received Import Request.
  Time since last request: 0.000018 seconds.
  path: Assets/Art/Matthew Guz/Spell Area of Effect FREE/Textures/2-Trail_.tiff
  artifactKey: Guid(0421232079186fe429a20d3cacb1a12c) Importer(815301076,1909f56bfc062723c751e8b465ee728b)
Start importing Assets/Art/Matthew Guz/Spell Area of Effect FREE/Textures/2-Trail_.tiff using Guid(0421232079186fe429a20d3cacb1a12c) Importer(815301076,1909f56bfc062723c751e8b465ee728b) [PhysX] Initialized MultithreadedTaskDispatcher with 24 workers.
[PhysX] Initialized MultithreadedTaskDispatcher with 24 workers.
 -> (artifact id: 'd793c673a18d2dd657cdb1a7d4f33dff') in 0.014229 seconds
Number of updated asset objects reloaded before import = 0
Number of asset objects unloaded after import = 2
========================================================================
Received Import Request.
  Time since last request: 0.000023 seconds.
  path: Assets/Art/Matthew Guz/Spell Area of Effect FREE/Textures/2-Magic.png
  artifactKey: Guid(05d1d4214d8698f4d97e9470b9be0636) Importer(815301076,1909f56bfc062723c751e8b465ee728b)
Start importing Assets/Art/Matthew Guz/Spell Area of Effect FREE/Textures/2-Magic.png using Guid(05d1d4214d8698f4d97e9470b9be0636) Importer(815301076,1909f56bfc062723c751e8b465ee728b) [PhysX] Initialized MultithreadedTaskDispatcher with 24 workers.
[PhysX] Initialized MultithreadedTaskDispatcher with 24 workers.
 -> (artifact id: 'ab6a6f1389c5791dfda3f03076389364') in 0.016341 seconds
Number of updated asset objects reloaded before import = 0
Number of asset objects unloaded after import = 2
========================================================================
Received Import Request.
  Time since last request: 0.000016 seconds.
  path: Assets/Art/Matthew Guz/Spell Area of Effect FREE/Textures/2-Star_ 2.png
  artifactKey: Guid(42c42850284a2e5459e418de71afe518) Importer(815301076,1909f56bfc062723c751e8b465ee728b)
Start importing Assets/Art/Matthew Guz/Spell Area of Effect FREE/Textures/2-Star_ 2.png using Guid(42c42850284a2e5459e418de71afe518) Importer(815301076,1909f56bfc062723c751e8b465ee728b) [PhysX] Initialized MultithreadedTaskDispatcher with 24 workers.
[PhysX] Initialized MultithreadedTaskDispatcher with 24 workers.
 -> (artifact id: '9e6aab4c2d0430fd8388b6e5d101b751') in 0.015546 seconds
Number of updated asset objects reloaded before import = 0
Number of asset objects unloaded after import = 2
========================================================================
Received Import Request.
  Time since last request: 0.000017 seconds.
  path: Assets/Art/Matthew Guz/Spell Area of Effect FREE/Textures/2-Particle.tiff
  artifactKey: Guid(7576fa3260eec664c9197f0269ccd3e7) Importer(815301076,1909f56bfc062723c751e8b465ee728b)
Start importing Assets/Art/Matthew Guz/Spell Area of Effect FREE/Textures/2-Particle.tiff using Guid(7576fa3260eec664c9197f0269ccd3e7) Importer(815301076,1909f56bfc062723c751e8b465ee728b) [PhysX] Initialized MultithreadedTaskDispatcher with 24 workers.
[PhysX] Initialized MultithreadedTaskDispatcher with 24 workers.
 -> (artifact id: '21bd9771a6842efd665c8e7b2421d039') in 0.015047 seconds
Number of updated asset objects reloaded before import = 0
Number of asset objects unloaded after import = 2
========================================================================
Received Import Request.
  Time since last request: 0.000017 seconds.
  path: Assets/Art/Matthew Guz/Spell Area of Effect FREE/Textures/2-Crack2.png
  artifactKey: Guid(05b77d5d4ba98ce44916d7e2e2ae1966) Importer(815301076,1909f56bfc062723c751e8b465ee728b)
Start importing Assets/Art/Matthew Guz/Spell Area of Effect FREE/Textures/2-Crack2.png using Guid(05b77d5d4ba98ce44916d7e2e2ae1966) Importer(815301076,1909f56bfc062723c751e8b465ee728b) [PhysX] Initialized MultithreadedTaskDispatcher with 24 workers.
[PhysX] Initialized MultithreadedTaskDispatcher with 24 workers.
 -> (artifact id: '3e354cffbb6e3c91b12796ad15fcc612') in 0.012438 seconds
Number of updated asset objects reloaded before import = 0
Number of asset objects unloaded after import = 2
========================================================================
Received Import Request.
  Time since last request: 0.000025 seconds.
  path: Assets/Art/Matthew Guz/Spell Area of Effect FREE/Textures/2-Crack.png
  artifactKey: Guid(0962f4f583a883e47979acd8e4f4d7b8) Importer(815301076,1909f56bfc062723c751e8b465ee728b)
Start importing Assets/Art/Matthew Guz/Spell Area of Effect FREE/Textures/2-Crack.png using Guid(0962f4f583a883e47979acd8e4f4d7b8) Importer(815301076,1909f56bfc062723c751e8b465ee728b) [PhysX] Initialized MultithreadedTaskDispatcher with 24 workers.
[PhysX] Initialized MultithreadedTaskDispatcher with 24 workers.
 -> (artifact id: '697bbdbf50c88319055e8e9c9588f3f9') in 0.012005 seconds
Number of updated asset objects reloaded before import = 0
Number of asset objects unloaded after import = 2
========================================================================
Received Import Request.
  Time since last request: 0.000055 seconds.
  path: Assets/Art/Matthew Guz/Spell Area of Effect FREE/Textures/2-Explosion.png
  artifactKey: Guid(39fd5f4b9c48c934c803bbb9471bf2c3) Importer(815301076,1909f56bfc062723c751e8b465ee728b)
Start importing Assets/Art/Matthew Guz/Spell Area of Effect FREE/Textures/2-Explosion.png using Guid(39fd5f4b9c48c934c803bbb9471bf2c3) Importer(815301076,1909f56bfc062723c751e8b465ee728b) [PhysX] Initialized MultithreadedTaskDispatcher with 24 workers.
[PhysX] Initialized MultithreadedTaskDispatcher with 24 workers.
 -> (artifact id: 'c53624d24ede12ab3943b7ea8aa6a81c') in 0.015544 seconds
Number of updated asset objects reloaded before import = 0
Number of asset objects unloaded after import = 2
========================================================================
Received Import Request.
  Time since last request: 0.000033 seconds.
  path: Assets/Art/Matthew Guz/Spell Area of Effect FREE/Textures/2-Snow_.png
  artifactKey: Guid(27123bd30045e9849967a3a10621e6da) Importer(815301076,1909f56bfc062723c751e8b465ee728b)
Start importing Assets/Art/Matthew Guz/Spell Area of Effect FREE/Textures/2-Snow_.png using Guid(27123bd30045e9849967a3a10621e6da) Importer(815301076,1909f56bfc062723c751e8b465ee728b) [PhysX] Initialized MultithreadedTaskDispatcher with 24 workers.
[PhysX] Initialized MultithreadedTaskDispatcher with 24 workers.
 -> (artifact id: 'cc609c0af8bf42805e3b552337abbb0d') in 0.019080 seconds
Number of updated asset objects reloaded before import = 0
Number of asset objects unloaded after import = 2
========================================================================
Received Import Request.
  Time since last request: 0.000038 seconds.
  path: Assets/Art/Matthew Guz/Spell Area of Effect FREE/Textures/2-Crit_2.png
  artifactKey: Guid(0e888a693bc04d148a5313dca8b6d541) Importer(815301076,1909f56bfc062723c751e8b465ee728b)
Start importing Assets/Art/Matthew Guz/Spell Area of Effect FREE/Textures/2-Crit_2.png using Guid(0e888a693bc04d148a5313dca8b6d541) Importer(815301076,1909f56bfc062723c751e8b465ee728b) [PhysX] Initialized MultithreadedTaskDispatcher with 24 workers.
[PhysX] Initialized MultithreadedTaskDispatcher with 24 workers.
 -> (artifact id: '752b3defdef77103eca9e2dd53ca2ece') in 0.015080 seconds
Number of updated asset objects reloaded before import = 0
Number of asset objects unloaded after import = 2
========================================================================
Received Import Request.
  Time since last request: 0.000019 seconds.
  path: Assets/Art/Matthew Guz/Spell Area of Effect FREE/Textures/2-Stone2.png
  artifactKey: Guid(0f41b9116d768ff4a8afbc2f93ee6b47) Importer(815301076,1909f56bfc062723c751e8b465ee728b)
Start importing Assets/Art/Matthew Guz/Spell Area of Effect FREE/Textures/2-Stone2.png using Guid(0f41b9116d768ff4a8afbc2f93ee6b47) Importer(815301076,1909f56bfc062723c751e8b465ee728b) [PhysX] Initialized MultithreadedTaskDispatcher with 24 workers.
[PhysX] Initialized MultithreadedTaskDispatcher with 24 workers.
 -> (artifact id: '021b397f0e08f080d7a305d36aaf8032') in 0.014038 seconds
Number of updated asset objects reloaded before import = 0
Number of asset objects unloaded after import = 2
========================================================================
Received Import Request.
  Time since last request: 0.000028 seconds.
  path: Assets/Art/Matthew Guz/Spell Area of Effect FREE/Textures/2-Trail_ 1.tiff
  artifactKey: Guid(ace5df02dc040414782e7250ea78a8b6) Importer(815301076,1909f56bfc062723c751e8b465ee728b)
Start importing Assets/Art/Matthew Guz/Spell Area of Effect FREE/Textures/2-Trail_ 1.tiff using Guid(ace5df02dc040414782e7250ea78a8b6) Importer(815301076,1909f56bfc062723c751e8b465ee728b) [PhysX] Initialized MultithreadedTaskDispatcher with 24 workers.
[PhysX] Initialized MultithreadedTaskDispatcher with 24 workers.
 -> (artifact id: '617fffd49ccd0fb5d5b10fddc9051675') in 0.014079 seconds
Number of updated asset objects reloaded before import = 0
Number of asset objects unloaded after import = 2
========================================================================
Received Import Request.
  Time since last request: 0.000017 seconds.
  path: Assets/Art/Matthew Guz/Spell Area of Effect FREE/Textures/2-Gradient.png
  artifactKey: Guid(b0e9fc4e78820ad48af734ad5fe2ca7c) Importer(815301076,1909f56bfc062723c751e8b465ee728b)
Start importing Assets/Art/Matthew Guz/Spell Area of Effect FREE/Textures/2-Gradient.png using Guid(b0e9fc4e78820ad48af734ad5fe2ca7c) Importer(815301076,1909f56bfc062723c751e8b465ee728b) [PhysX] Initialized MultithreadedTaskDispatcher with 24 workers.
[PhysX] Initialized MultithreadedTaskDispatcher with 24 workers.
 -> (artifact id: '9c648f32be52a77ccac29a0e855b42f7') in 0.019894 seconds
Number of updated asset objects reloaded before import = 0
Number of asset objects unloaded after import = 2
Editor requested this worker to shutdown with reason: Scaling down because of idle timeout
TcpMessagingSession - receive error: operation aborted. errorcode: 995, details: The I/O operation has been aborted because of either a thread exit or an application request.
AssetImportWorker is now disconnected from the server
Process exiting
Exiting without the bug reporter. Application will terminate with return code 0